Qflow DRC logfile created on lun 26 jul 18:21:25 CST 2021
magic -dnull -noconsole  /home/isaac/Desktop/Microelectrónica/Proyecto/Parte_2/performance_micro_ucr_hash/layout/run_drc_micro_ucr_hash_mod.tcl

Magic 8.2 revision 157 - Compiled on Thu, 07 Nov 2019 21:14:45 +0100.
Starting magic under Tcl interpreter
Using the terminal as the console.
Using NULL graphics device.
Processing system .magicrc file
Input style lambda=0.10(p): scaleFactor=10, multiplier=1
Contact size value ignored (using GDS generation rules).
Contact size value ignored (using GDS generation rules).
Contact size value ignored (using GDS generation rules).
Contact size value ignored (using GDS generation rules).
Contact size value ignored (using GDS generation rules).
Contact size value ignored (using GDS generation rules).
Loading "/home/isaac/Desktop/Microelectrónica/Proyecto/Parte_2/performance_micro_ucr_hash/layout/run_drc_micro_ucr_hash_mod.tcl" from command line.
Reading LEF data from file /usr/share/qflow/tech/osu018/osu018_stdcells.lef.
This action cannot be undone.
LEF read, Line 16 (Message): Unknown keyword "OBS" in LEF file; ignoring.
LEF read, Line 17 (Message): Unknown keyword "PIN" in LEF file; ignoring.
LEF read, Line 309 (Message): Defines site core (ignored)
Moving label "CLK" from metal1 to m2contact in cell DFFNEGX1.
Moving label "CLK" from metal1 to m2contact in cell DFFNEGX1.
Moving label "A" from metal1 to m2contact in cell XNOR2X1.
LEF read: Processed 2941 lines.
micro_ucr_hash_mod: 10000 rects
micro_ucr_hash_mod: 20000 rects
micro_ucr_hash_mod: 30000 rects
micro_ucr_hash_mod: 40000 rects
micro_ucr_hash_mod: 50000 rects
micro_ucr_hash_mod: 60000 rects
micro_ucr_hash_mod: 70000 rects
micro_ucr_hash_mod: 80000 rects
micro_ucr_hash_mod: 90000 rects
micro_ucr_hash_mod: 100000 rects
micro_ucr_hash_mod: 110000 rects
micro_ucr_hash_mod: 120000 rects
micro_ucr_hash_mod: 130000 rects
micro_ucr_hash_mod: 140000 rects
micro_ucr_hash_mod: 150000 rects
micro_ucr_hash_mod: 160000 rects
micro_ucr_hash_mod: 170000 rects
micro_ucr_hash_mod: 180000 rects
micro_ucr_hash_mod: 190000 rects
micro_ucr_hash_mod: 200000 rects
micro_ucr_hash_mod: 210000 rects
micro_ucr_hash_mod: 220000 rects
micro_ucr_hash_mod: 230000 rects
micro_ucr_hash_mod: 240000 rects
micro_ucr_hash_mod: 250000 rects
micro_ucr_hash_mod: 260000 rects
micro_ucr_hash_mod: 270000 rects
micro_ucr_hash_mod: 280000 rects
micro_ucr_hash_mod: 290000 rects
micro_ucr_hash_mod: 300000 rects
micro_ucr_hash_mod: 310000 rects
Processing timestamp mismatches: FILL, CLKBUF1, DFFPOSX1, NOR2X1, AOI21X1, NAND2X1, INVX1, AND2X2, BUFX4, OAI21X1, INVX2, XNOR2X1, NAND3X1, OR2X2, NOR3X1, BUFX2, XOR2X1, OAI22X1, AOI22X1, INVX4, MUX2X1.
drc = 9
DRC failure:  There are 9 DRC errors in the layout.
Premature exit.
Synthesis flow stopped due to error condition.
